<?xml version="1.0" encoding="UTF-8"?>
<!-- Generated by org.testng.reporters.JUnitReportReporter -->
<testsuite hostname="Fighter" name="Framework.Framework.AppTest" tests="1" failures="0" timestamp="24 Jan 2016 22:32:03 GMT" time="10.316" errors="0">
  <testcase name="testApp" time="10.316" classname="Framework.Framework.AppTest"/>
</testsuite> <!-- Framework.Framework.AppTest -->
